<?xml version="1.0" encoding="UTF-8"?>
<!-- Generated by org.testng.reporters.JUnitReportReporter -->
<testsuite skipped="0" hostname="MUMTEWD00052" name="com.fig4u.qa.testcases.LoginPageTest" tests="6" failures="0" timestamp="21 May 2019 10:50:14 GMT" time="29.126" errors="0">
  <testcase name="loginPageTitleTest" time="4.941" classname="com.fig4u.qa.testcases.LoginPageTest"/>
  <testcase name="crmLogoImageTest" time="4.457" classname="com.fig4u.qa.testcases.LoginPageTest"/>
  <testcase name="signUsernameErrorTest" time="5.406" classname="com.fig4u.qa.testcases.LoginPageTest"/>
  <testcase name="signPasswordErrorTest" time="5.275" classname="com.fig4u.qa.testcases.LoginPageTest"/>
  <testcase name="loginInvalidTest" time="4.596" classname="com.fig4u.qa.testcases.LoginPageTest"/>
  <testcase name="loginTest" time="4.451" classname="com.fig4u.qa.testcases.LoginPageTest"/>
</testsuite> <!-- com.fig4u.qa.testcases.LoginPageTest -->
