<?xml version="1.0" encoding="UTF-8"?>
<!-- Generated by org.testng.reporters.JUnitReportReporter -->
<testsuite skipped="0" hostname="MUMTEWD00052" name="com.fig4u.qa.testcases.HomePageTest" tests="5" failures="0" timestamp="22 May 2019 06:07:45 GMT" time="37.187" errors="0">
  <testcase name="verifyHomePageTitleTest" time="7.101" classname="com.fig4u.qa.testcases.HomePageTest"/>
  <testcase name="verifyUserNameTest" time="7.204" classname="com.fig4u.qa.testcases.HomePageTest"/>
  <testcase name="verifyWidNoLinkTest" time="8.427" classname="com.fig4u.qa.testcases.HomePageTest"/>
  <testcase name="windowPop" time="7.169" classname="com.fig4u.qa.testcases.HomePageTest"/>
  <testcase name="searchWIDTest" time="7.286" classname="com.fig4u.qa.testcases.HomePageTest"/>
</testsuite> <!-- com.fig4u.qa.testcases.HomePageTest -->
